2025-06-02 19:37:06,138 - video_analyzer - INFO - 初始化 VideoAnalyzer，数据库路径: /var/folders/kq/x3k72d6519j5c5y1x1t3j5ph0000gn/T/tmpnt3l8khd.db
2025-06-02 19:37:06,138 - video_analyzer - INFO - 特征版本: v1.0
2025-06-02 19:37:06,138 - video_analyzer - INFO - 支持的视频格式: .mp4, .mov, .avi, .mkv, .wmv, .flv
2025-06-02 19:37:06,138 - video_analyzer - DEBUG - 连接数据库: /var/folders/kq/x3k72d6519j5c5y1x1t3j5ph0000gn/T/tmpnt3l8khd.db
2025-06-02 19:37:06,141 - video_analyzer - DEBUG - 创建 video_metadata 表
2025-06-02 19:37:06,149 - video_analyzer - DEBUG - 创建 video_features 表
2025-06-02 19:37:06,149 - video_analyzer - DEBUG - 创建 feature_versions 表
2025-06-02 19:37:06,150 - video_analyzer - DEBUG - 插入特征版本记录: v1.0
2025-06-02 19:37:06,150 - video_analyzer - INFO - 数据库中现有视频记录数: 0
2025-06-02 19:37:06,151 - video_analyzer - DEBUG - 数据库连接已关闭
2025-06-02 19:37:06,151 - video_analyzer - INFO - 数据库初始化完成，耗时: 0.01秒
2025-06-02 19:37:06,151 - video_analyzer - INFO - 开始扫描视频库: /不存在的目录
2025-06-02 19:37:06,151 - video_analyzer - ERROR - 目录不存在: /不存在的目录
2025-06-02 19:37:06,152 - video_analyzer - INFO - 开始扫描视频库: /var/folders/kq/x3k72d6519j5c5y1x1t3j5ph0000gn/T/tmp4nvh_sv1
2025-06-02 19:37:06,152 - video_analyzer - INFO - 正在查找视频文件...
2025-06-02 19:37:06,152 - video_analyzer - INFO - 找到 0 个视频文件
2025-06-02 19:37:06,152 - video_analyzer - WARNING - 在目录 /var/folders/kq/x3k72d6519j5c5y1x1t3j5ph0000gn/T/tmp4nvh_sv1 中未找到任何支持的视频文件
2025-06-02 19:37:06,153 - video_analyzer - INFO - 开始查找与视频 ID 999 相似的视频，相似度阈值: 0.8
2025-06-02 19:37:06,153 - video_analyzer - DEBUG - 获取参考视频 999 的特征...
2025-06-02 19:37:06,154 - video_analyzer - ERROR - 无法获取视频 ID 999 的特征
2025-06-02 19:37:22,607 - video_analyzer - INFO - 初始化 VideoAnalyzer，数据库路径: /var/folders/kq/x3k72d6519j5c5y1x1t3j5ph0000gn/T/tmp9d_sdse9.db
2025-06-02 19:37:22,607 - video_analyzer - INFO - 特征版本: v1.0
2025-06-02 19:37:22,607 - video_analyzer - INFO - 支持的视频格式: .mp4, .mov, .avi, .mkv, .wmv, .flv
2025-06-02 19:37:22,607 - video_analyzer - DEBUG - 连接数据库: /var/folders/kq/x3k72d6519j5c5y1x1t3j5ph0000gn/T/tmp9d_sdse9.db
2025-06-02 19:37:22,607 - video_analyzer - DEBUG - 创建 video_metadata 表
2025-06-02 19:37:22,609 - video_analyzer - DEBUG - 创建 video_features 表
2025-06-02 19:37:22,609 - video_analyzer - DEBUG - 创建 feature_versions 表
2025-06-02 19:37:22,610 - video_analyzer - DEBUG - 插入特征版本记录: v1.0
2025-06-02 19:37:22,610 - video_analyzer - INFO - 数据库中现有视频记录数: 0
2025-06-02 19:37:22,610 - video_analyzer - DEBUG - 数据库连接已关闭
2025-06-02 19:37:22,611 - video_analyzer - INFO - 数据库初始化完成，耗时: 0.00秒
2025-06-02 19:37:22,611 - video_analyzer - INFO - 开始扫描视频库: /不存在的目录
2025-06-02 19:37:22,611 - video_analyzer - ERROR - 目录不存在: /不存在的目录
2025-06-02 19:37:22,611 - video_analyzer - INFO - 开始扫描视频库: /var/folders/kq/x3k72d6519j5c5y1x1t3j5ph0000gn/T/tmpj9dpvl69
2025-06-02 19:37:22,611 - video_analyzer - INFO - 正在查找视频文件...
2025-06-02 19:37:22,611 - video_analyzer - INFO - 找到 0 个视频文件
2025-06-02 19:37:22,611 - video_analyzer - WARNING - 在目录 /var/folders/kq/x3k72d6519j5c5y1x1t3j5ph0000gn/T/tmpj9dpvl69 中未找到任何支持的视频文件
2025-06-02 19:37:22,611 - video_analyzer - INFO - 开始查找与视频 ID 999 相似的视频，相似度阈值: 0.8
2025-06-02 19:37:22,611 - video_analyzer - DEBUG - 获取参考视频 999 的特征...
2025-06-02 19:37:22,612 - video_analyzer - ERROR - 无法获取视频 ID 999 的特征
2025-06-02 19:38:04,038 - video_analyzer - INFO - 测试日志功能正常
2025-06-02 19:38:04,039 - video_analyzer - DEBUG - 调试级别日志正常
2025-06-02 19:38:04,039 - video_analyzer - WARNING - 警告级别日志正常
2025-06-02 19:38:04,039 - video_analyzer - ERROR - 错误级别日志正常
2025-06-02 19:39:10,772 - video_analyzer - INFO - === 视频分析器启动 ===
2025-06-02 19:39:10,772 - video_analyzer - INFO - 视频目录: /Users/flyeyas/Downloads/video
2025-06-02 19:39:10,772 - video_analyzer - INFO - 数据库路径: video_library.db
2025-06-02 19:39:10,772 - video_analyzer - INFO - 初始化 VideoAnalyzer，数据库路径: video_library.db
2025-06-02 19:39:10,772 - video_analyzer - INFO - 特征版本: v1.0
2025-06-02 19:39:10,772 - video_analyzer - INFO - 支持的视频格式: .mp4, .mov, .avi, .mkv, .wmv, .flv
2025-06-02 19:39:10,782 - video_analyzer - INFO - 数据库中现有视频记录数: 0
2025-06-02 19:39:10,783 - video_analyzer - INFO - 数据库初始化完成，耗时: 0.01秒
2025-06-02 19:39:10,783 - video_analyzer - INFO - 开始扫描视频库: /Users/flyeyas/Downloads/video
2025-06-02 19:39:10,783 - video_analyzer - INFO - 正在查找视频文件...
2025-06-02 19:39:10,783 - video_analyzer - INFO - 找到 1 个视频文件
2025-06-02 19:39:10,783 - video_analyzer - INFO - 处理进度: 1/1 - 1 (154)(09).mp4
2025-06-02 19:39:10,784 - video_analyzer - INFO - Processing new video file: 1 (154)(09).mp4
2025-06-02 19:39:28,552 - video_analyzer - INFO - 扫描完成！成功处理 1 个视频，失败 0 个，总耗时 17.77秒
2025-06-02 19:39:28,552 - video_analyzer - INFO - === 分析完成 ===
2025-06-02 19:42:25,989 - video_analyzer - INFO - === 视频分析器启动 ===
2025-06-02 19:42:25,990 - video_analyzer - INFO - 视频目录: /Users/flyeyas/Downloads/video
2025-06-02 19:42:25,990 - video_analyzer - INFO - 数据库路径: video_library.db
2025-06-02 19:42:25,990 - video_analyzer - INFO - 初始化 VideoAnalyzer，数据库路径: video_library.db
2025-06-02 19:42:25,990 - video_analyzer - INFO - 特征版本: v1.0
2025-06-02 19:42:25,990 - video_analyzer - INFO - 支持的视频格式: .mp4, .mov, .avi, .mkv, .wmv, .flv
2025-06-02 19:42:25,998 - video_analyzer - INFO - 数据库中现有视频记录数: 1
2025-06-02 19:42:25,998 - video_analyzer - INFO - 数据库初始化完成，耗时: 0.01秒
2025-06-02 19:42:25,999 - video_analyzer - INFO - 开始扫描视频库: /Users/flyeyas/Downloads/video
2025-06-02 19:42:25,999 - video_analyzer - INFO - 正在查找视频文件...
2025-06-02 19:42:25,999 - video_analyzer - INFO - 找到 1 个视频文件
2025-06-02 19:42:25,999 - video_analyzer - INFO - 处理进度: 1/1 - 1 (154)(09).mp4
2025-06-02 19:42:25,999 - video_analyzer - INFO - 扫描完成！成功处理 1 个视频，失败 0 个，总耗时 0.00秒
2025-06-02 19:42:25,999 - video_analyzer - INFO - === 分析完成 ===
2025-06-05 12:44:49,935 - video_audio_sync - INFO - Analyzing video library at /Users/flyeyas/Downloads/video
2025-06-05 12:44:49,935 - video_analyzer - INFO - 初始化 VideoAnalyzer，数据库路径: video_library.db
2025-06-05 12:44:49,935 - video_analyzer - INFO - 特征版本: v1.0
2025-06-05 12:44:49,935 - video_analyzer - INFO - 支持的视频格式: .mp4, .mov, .avi, .mkv, .wmv, .flv
2025-06-05 12:44:49,947 - video_analyzer - INFO - 数据库中现有视频记录数: 1
2025-06-05 12:44:49,947 - video_analyzer - INFO - 数据库初始化完成，耗时: 0.01秒
2025-06-05 12:44:49,947 - video_analyzer - INFO - 开始扫描视频库: /Users/flyeyas/Downloads/video
2025-06-05 12:44:49,947 - video_analyzer - INFO - 正在查找视频文件...
2025-06-05 12:44:49,997 - video_analyzer - INFO - 找到 1 个视频文件
2025-06-05 12:44:49,998 - video_analyzer - INFO - 处理进度: 1/1 - 1 (154)(09).mp4
2025-06-05 12:44:49,998 - video_analyzer - INFO - 扫描完成！成功处理 1 个视频，失败 0 个，总耗时 0.05秒
2025-06-05 12:44:49,998 - video_audio_sync - INFO - Processed 1 videos
2025-06-05 12:47:14,337 - video_audio_sync - INFO - Analyzing video library at /Users/flyeyas/Downloads/video
2025-06-05 12:47:14,337 - video_analyzer - INFO - 初始化 VideoAnalyzer，数据库路径: video_library.db
2025-06-05 12:47:14,337 - video_analyzer - INFO - 特征版本: v1.0
2025-06-05 12:47:14,337 - video_analyzer - INFO - 支持的视频格式: .mp4, .mov, .avi, .mkv, .wmv, .flv
2025-06-05 12:47:14,347 - video_analyzer - INFO - 数据库中现有视频记录数: 1
2025-06-05 12:47:14,347 - video_analyzer - INFO - 数据库初始化完成，耗时: 0.01秒
2025-06-05 12:47:14,348 - video_analyzer - INFO - 开始扫描视频库: /Users/flyeyas/Downloads/video
2025-06-05 12:47:14,348 - video_analyzer - INFO - 正在查找视频文件...
2025-06-05 12:47:14,348 - video_analyzer - INFO - 找到 1 个视频文件
2025-06-05 12:47:14,348 - video_analyzer - INFO - 处理进度: 1/1 - 1 (154)(09).mp4
2025-06-05 12:47:14,349 - video_analyzer - INFO - 扫描完成！成功处理 1 个视频，失败 0 个，总耗时 0.00秒
2025-06-05 12:47:14,349 - video_audio_sync - INFO - Processed 1 videos
2025-06-05 12:56:16,368 - video_audio_sync - INFO - Analyzing video library at /Users/flyeyas/Downloads/video
2025-06-05 12:56:16,369 - video_analyzer - INFO - 初始化 VideoAnalyzer，数据库路径: video_library.db
2025-06-05 12:56:16,369 - video_analyzer - INFO - 特征版本: v1.0
2025-06-05 12:56:16,369 - video_analyzer - INFO - 支持的视频格式: .mp4, .mov, .avi, .mkv, .wmv, .flv
2025-06-05 12:56:16,378 - video_analyzer - INFO - 数据库中现有视频记录数: 1
2025-06-05 12:56:16,378 - video_analyzer - INFO - 数据库初始化完成，耗时: 0.01秒
2025-06-05 12:56:16,378 - video_analyzer - INFO - 开始扫描视频库: /Users/flyeyas/Downloads/video
2025-06-05 12:56:16,379 - video_analyzer - INFO - 正在查找视频文件...
2025-06-05 12:56:16,379 - video_analyzer - INFO - 找到 1 个视频文件
2025-06-05 12:56:16,379 - video_analyzer - INFO - 处理进度: 1/1 - 1 (154)(09).mp4
2025-06-05 12:56:16,380 - video_analyzer - INFO - 扫描完成！成功处理 1 个视频，失败 0 个，总耗时 0.00秒
2025-06-05 12:56:16,380 - video_audio_sync - INFO - Processed 1 videos
2025-06-05 13:30:19,138 - video_analyzer - DEBUG - 调试日志级别已设置 - 这条消息只有在调试模式下才会显示
2025-06-05 13:30:19,138 - video_audio_sync - DEBUG - 调试模式已启用
2025-06-05 13:30:19,138 - video_audio_sync - INFO - Analyzing video library at /Users/flyeyas/Downloads/video
2025-06-05 13:30:19,138 - video_analyzer - INFO - 初始化 VideoAnalyzer，数据库路径: video_library.db
2025-06-05 13:30:19,138 - video_analyzer - INFO - 特征版本: v1.0
2025-06-05 13:30:19,138 - video_analyzer - INFO - 支持的视频格式: .mp4, .mov, .avi, .mkv, .wmv, .flv
2025-06-05 13:30:19,139 - video_analyzer - DEBUG - 连接数据库: video_library.db
2025-06-05 13:30:19,140 - video_analyzer - DEBUG - 创建 video_metadata 表
2025-06-05 13:30:19,147 - video_analyzer - DEBUG - 创建 video_features 表
2025-06-05 13:30:19,147 - video_analyzer - DEBUG - 创建 feature_versions 表
2025-06-05 13:30:19,147 - video_analyzer - DEBUG - 插入特征版本记录: v1.0
2025-06-05 13:30:19,148 - video_analyzer - INFO - 数据库中现有视频记录数: 1
2025-06-05 13:30:19,148 - video_analyzer - DEBUG - 数据库连接已关闭
2025-06-05 13:30:19,148 - video_analyzer - INFO - 数据库初始化完成，耗时: 0.01秒
2025-06-05 13:30:19,148 - video_analyzer - INFO - 开始扫描视频库: /Users/flyeyas/Downloads/video
2025-06-05 13:30:19,149 - video_analyzer - INFO - 正在查找视频文件...
2025-06-05 13:30:19,149 - video_analyzer - INFO - 找到 1 个视频文件
2025-06-05 13:30:19,149 - video_analyzer - INFO - 处理进度: 1/1 - 1 (154)(09).mp4
2025-06-05 13:30:19,149 - video_analyzer - DEBUG - 处理视频文件: /Users/flyeyas/Downloads/video/1 (154)(09).mp4
2025-06-05 13:30:19,149 - video_analyzer - DEBUG - 文件大小: 2428552 字节, 最后修改时间: 2025-06-02 18:05:05.438013
2025-06-05 13:30:19,149 - video_analyzer - DEBUG - 在数据库中找到视频记录: ID=1, 特征版本=v1.0
2025-06-05 13:30:19,149 - video_analyzer - DEBUG - 数据库中的最后修改时间: 2025-06-02 18:05:05.438013, 当前特征版本: v1.0
2025-06-05 13:30:19,150 - video_analyzer - DEBUG - 视频已处理过，跳过分析: 1 (154)(09).mp4
2025-06-05 13:30:19,150 - video_analyzer - INFO - 扫描完成！成功处理 1 个视频，失败 0 个，总耗时 0.00秒
2025-06-05 13:30:19,150 - video_audio_sync - INFO - Processed 1 videos
